"report-def-0-rfile"
"Iteration" "heat-transfer-rate"
("Iteration" "heat-transfer-rate")
1 -221049.131282145
2 -260833.0275639425
3 -271932.6069204622
4 -275083.5653588499
5 -275762.0650595065
6 -274057.9219305664
7 -270660.9618491011
8 -265167.3790766115
9 -258981.490089524
10 -254200.0225441048
11 -251074.9752467063
12 -249032.062922719
13 -247523.3964340864
14 -245646.0398590244
15 -241994.9159340428
16 -237961.5176272662
17 -233005.4747366259
18 -226697.5783421265
19 -219238.7650617561
20 -210412.6440509922
21 -200651.9637848477
22 -190989.4032194541
23 -180786.4795158809
24 -170606.29698071
25 -160329.8023392487
26 -149014.168021431
27 -137222.6777601506
28 -124418.5877692804
29 -113355.2027600376
30 -103703.6323152976
31 -95901.75093038456
32 -90043.2003138422
33 -84834.82406581173
34 -80270.58483844002
35 -76881.25963729958
36 -74295.5208398867
37 -72083.59326292336
38 -70162.7633253509
39 -68514.55319112635
40 -67062.76708271069
41 -65796.01910607946
42 -64703.68966110208
43 -63760.55044557454
44 -62919.79979671403
45 -62105.57473447045
46 -61284.03439518961
47 -60499.59720137208
48 -59729.34634354388
49 -58981.89413162904
50 -58294.08532657144
51 -57651.486879256
52 -57127.89031706683
53 -56643.74106710667
54 -56271.86506821273
55 -55945.85703553288
56 -55617.18009919416
57 -55240.91553211119
58 -54800.78290429586
59 -54302.69291034443
60 -53810.97980213681
61 -53350.61457046179
62 -52931.16394059184
63 -52517.82296531635
64 -52066.27991991094
65 -51650.26647770351
66 -51242.65827020177
67 -50880.2197045736
68 -50479.62938889928
69 -50046.27017780484
70 -49610.09514666364
71 -49147.78944813555
72 -48690.85670802376
73 -48274.71770122388
74 -47930.4741462352
75 -47618.5520175741
76 -47319.23391482183
77 -47022.15081512547
78 -46725.00715021008
79 -46407.13131318019
80 -46056.16624935666
81 -45737.35728343898
82 -45499.60014085986
83 -45312.80206864522
84 -45189.67582248991
85 -45112.44578592135
86 -45022.5089117489
87 -44918.06016104633
88 -44826.07718161767
89 -44716.88902627083
90 -44605.64608312385
91 -44525.91783294665
92 -44471.22866360218
93 -44429.70059123959
94 -44403.81900302746
95 -44378.52998707256
96 -44356.49925273287
97 -44320.59549033028
98 -44295.65282004323
99 -44249.84822798637
100 -44209.79410812927
101 -44158.76301837631
102 -44114.74877134155
103 -44053.78941605685
104 -44018.61127770257
105 -43983.9404731606
106 -43971.15586963576
107 -43981.26719489538
108 -44005.03501285469
109 -44007.59593760084
110 -44009.06992617899
111 -43988.89279150444
112 -43947.03662826002
113 -43923.91346514133
114 -43887.00165910571
115 -43861.04672176813
116 -43856.51798024923
117 -43872.03797872437
118 -43896.49360756043
119 -43921.00223014893
120 -43945.40770356875
121 -43949.2964376975
122 -43932.65934470228
123 -43903.43979426682
124 -43846.40513618774
125 -43788.46410474811
126 -43747.41834873284
127 -43700.17079397567
128 -43676.74154800029
129 -43650.5180693975
130 -43610.81967008817
131 -43533.56404948276
132 -43460.45612814463
133 -43454.40530341076
134 -43593.25057327798
135 -43764.3765839465
136 -43843.77024539155
137 -43927.42826110704
138 -44007.66892336574
139 -44071.77471895447
140 -44127.82696824402
141 -44208.39325498481
142 -44334.32759620153
143 -44469.58157729841
144 -44575.86286070891
145 -44611.79094812233
146 -44584.21369362168
147 -44532.43487244355
148 -44579.30705052937
149 -44706.13156566881
150 -44802.92441668578
151 -44907.01727649356
152 -44980.58833970458
153 -45031.85813428526
154 -45095.68389908658
155 -45212.23628184996
156 -45343.02914235106
157 -45489.49103596137
158 -45637.75507048716
159 -45792.89914480672
160 -45969.36888539416
161 -46185.22222624465
162 -46449.06929827423
163 -46729.186552757
164 -47018.12814392228
165 -47327.94829615277
166 -47656.67929554441
167 -47998.46588586853
168 -48364.19061287219
169 -48701.93438062693
170 -49031.59816388681
171 -49319.38462282822
172 -49626.24586567909
173 -49943.90091809687
174 -50253.91350159005
175 -50557.71755092843
176 -50839.33899481321
177 -51122.929634133
178 -51364.8910435187
179 -51599.04565105175
180 -51828.38943868415
181 -52029.49736900103
182 -52189.65727105827
183 -52349.18773569094
184 -52495.41242382875
185 -52645.68088986148
186 -52787.71587500308
187 -52901.88053461641
188 -53009.34217912624
189 -53124.91788482343
190 -53266.66511002652
191 -53379.02405915075
192 -53482.92654070338
193 -53596.41277156334
194 -53714.14740835991
195 -53845.23708915441
196 -53975.28395152933
197 -54103.80894335027
198 -54242.08449546331
199 -54406.9803385644
200 -54605.31108383035
201 -54779.80069255133
202 -54971.38856926037
203 -55186.34813025501
204 -55371.74024150435
205 -55547.11555994982
206 -55736.2682997626
207 -55924.83980911969
208 -56103.23826061374
209 -56294.35375372539
210 -56444.68799453221
211 -56583.22125591189
212 -56724.7216820222
213 -56850.84400934599
214 -56956.45325388941
215 -57047.94266534282
216 -57130.91728473046
217 -57219.92659168701
218 -57293.69968601968
219 -57345.89254606602
220 -57423.45577434381
221 -57487.56073207143
222 -57518.34512977784
223 -57584.73711296805
224 -57610.84004392828
225 -57645.69497424351
226 -57660.07434895131
227 -57669.55520223213
228 -57688.85114537504
229 -57689.59171982842
230 -57698.06441836643
231 -57693.93201229037
232 -57719.22139064698
233 -57726.09671965009
234 -57780.2635437284
235 -57823.48316121935
236 -57876.83929875324
237 -57916.65466416121
238 -57981.47459221978
239 -58052.07948550775
240 -58136.9036475456
241 -58196.33622196872
242 -58252.16914398417
243 -58309.59039537825
244 -58343.4386614211
245 -58368.61979874479
246 -58376.80157227277
247 -58373.27492322255
248 -58339.43211997327
249 -58306.42177728857
250 -58242.25383646014
251 -58163.70701438157
252 -58077.38274885133
253 -57965.10689865299
254 -57850.82549815483
255 -57705.69384541493
256 -57561.08385635616
257 -57404.58214691834
258 -57255.19098506511
259 -57087.00364540496
260 -56926.95472816771
261 -56761.48870175288
262 -56585.26454905498
263 -56408.9507670418
264 -56208.66030272892
265 -56007.5636107465
266 -55801.94553549896
267 -55585.83182180126
268 -55373.10590915896
269 -55156.09586708652
270 -54920.89385442679
271 -54697.93308034701
272 -54478.60300879788
273 -54256.74826262714
274 -54048.29569360398
275 -53830.81705515225
276 -53628.47584479376
277 -53432.678572969
278 -53248.72557527044
279 -53057.68226724726
280 -52875.17650819643
281 -52701.80274129588
282 -52538.3461544178
283 -52378.28364831323
284 -52210.74662458611
285 -52043.15751623283
286 -51876.81498921093
287 -51714.45541606809
288 -51550.92981905406
289 -51390.50382829906
290 -51231.71738763004
291 -51073.49171672899
292 -50918.34810099264
293 -50767.2414859698
294 -50619.98365829405
295 -50478.99387371233
296 -50343.05660616275
297 -50213.86946044762
298 -50091.89438671472
299 -49977.30646881665
300 -49870.95180237678
301 -49772.75435119004
302 -49682.63022488631
303 -49600.18958647853
304 -49524.79228822711
305 -49455.91875106985
306 -49392.45507482333
307 -49334.32682699544
308 -49280.73379350571
309 -49229.92974131661
310 -49181.89604525933
311 -49136.16562720237
312 -49092.66999034173
313 -49050.48074142153
314 -49009.2051455625
315 -48967.61857849293
316 -48924.97372499094
317 -48880.25340816443
318 -48833.50300370773
319 -48784.43184785117
320 -48732.81624124112
321 -48678.82112565224
322 -48622.03128396051
323 -48563.16693247455
324 -48501.9858698909
325 -48439.34001699599
326 -48376.59526882185
327 -48315.11983038226
328 -48257.81493488753
329 -48203.63949124666
330 -48154.23999604413
331 -48109.80530865991
332 -48069.57264301653
333 -48037.74045909195
334 -48010.15965367771
335 -47984.70114590434
336 -47962.86183151044
337 -47947.25678536238
338 -47933.42242378014
339 -47921.10703853136
340 -47909.75441448497
341 -47900.76717931557
342 -47895.40944615898
343 -47888.34943190835
344 -47880.05476496179
345 -47870.7668193741
346 -47861.40328990564
347 -47851.91557697622
348 -47845.59277345247
349 -47839.38253123147
350 -47831.60590940469
351 -47823.88588783584
352 -47816.29080072773
353 -47809.32527890344
354 -47806.48810910429
355 -47809.45294932097
356 -47813.81844834438
357 -47816.42257650863
358 -47820.69358798652
359 -47825.90484431311
360 -47827.78858084177
361 -47830.28003868232
362 -47829.95958756813
363 -47827.61766426337
364 -47823.28609868586
365 -47816.48631542171
366 -47807.31700153973
367 -47795.43467681237
368 -47782.27562712606
369 -47767.45588588787
370 -47750.754812001
371 -47734.36840723202
372 -47717.7838620263
373 -47701.57079789692
374 -47686.33056206739
375 -47671.91207603919
376 -47657.55628445242
377 -47643.20036337546
378 -47628.45695549691
379 -47612.75008568598
380 -47595.65679777958
381 -47576.9155529095
382 -47555.82529216995
383 -47532.71902244598
384 -47509.19536393651
385 -47484.71928650142
386 -47459.90915381837
387 -47434.47577591073
388 -47409.04151197389
389 -47386.40730318153
390 -47366.73108676884
391 -47347.59500622736
392 -47327.2829042238
393 -47312.00498270281
394 -47295.88522803164
395 -47279.55564209862
396 -47262.33543975737
397 -47248.92160702483
398 -47233.03095894134
399 -47216.33082169807
400 -47199.90205079506
401 -47183.01354178471
402 -47161.21350064545
403 -47139.72433862987
404 -47117.87848872059
405 -47097.61552536685
406 -47072.92673622187
407 -47049.51759195491
408 -47026.18276328975
409 -47003.69661324078
410 -46981.94829431999
411 -46960.97165468311
412 -46940.96385176789
413 -46917.70932627091
414 -46895.29506245644
415 -46873.34632447673
416 -46854.65011606768
417 -46834.84920544903
418 -46816.58502689857
419 -46800.54016276138
420 -46782.25611635669
421 -46765.91412777642
422 -46752.69408318366
423 -46739.85129127377
424 -46726.83739232854
425 -46718.26110695842
426 -46708.10638692652
427 -46700.44578705798
428 -46692.75371091863
429 -46688.72865712718
430 -46685.89688631085
431 -46681.27496570854
432 -46673.83080396891
433 -46664.94807588203
434 -46655.29887607755
435 -46644.87918665855
436 -46635.38585277298
437 -46626.05124255815
438 -46619.32400084211
439 -46615.62594121165
440 -46611.46934944526
441 -46606.47754375351
442 -46600.89629147731
443 -46596.29644322735
444 -46591.84127492851
445 -46587.56484391197
446 -46584.2322620065
447 -46580.91877224548
448 -46577.79275686084
449 -46574.94401895609
450 -46572.8168134999
451 -46570.71171706457
452 -46568.01007152497
453 -46564.76131202375
454 -46561.29347818634
455 -46557.42881040039
456 -46553.34838643216
457 -46547.81424890689
458 -46542.40711456498
459 -46537.0738597677
460 -46534.16228737171
461 -46531.33152490816
462 -46529.6292799817
463 -46528.76374274774
464 -46528.48277439841
465 -46529.08592848846
466 -46529.88540640789
467 -46531.421168001
468 -46534.42843866078
469 -46538.5936578628
470 -46542.67468557174
471 -46547.91581226987
472 -46553.74731794362
473 -46559.93391589486
474 -46566.14134559509
475 -46572.95656215134
476 -46578.6524639015
477 -46582.87493593335
478 -46585.75514728564
479 -46586.9088597541
480 -46586.15723058388
481 -46583.46837386392
482 -46578.53239533021
483 -46571.29928349044
484 -46561.99843634851
485 -46551.65954798368
486 -46540.03925389454
487 -46526.30107371249
488 -46511.83605361409
489 -46497.34395044856
490 -46481.32180199475
491 -46464.24158910893
492 -46446.65482948469
493 -46430.05354283464
494 -46413.27996541843
495 -46396.99325406564
496 -46381.25283716009
497 -46365.7480912313
498 -46349.64070641841
499 -46334.14576474366
500 -46318.35845294172
501 -46302.24986962495
502 -46285.77471957607
503 -46268.7268644114
504 -46250.80637554459
505 -46232.02481538214
506 -46212.14154909835
507 -46191.00129396186
508 -46168.66252280052
509 -46144.93190740591
510 -46119.63345873309
511 -46092.91564429944
512 -46064.1142350283
513 -46033.89367173954
514 -46003.1129798276
515 -45971.34597719111
516 -45938.417826638
517 -45904.56057010919
518 -45869.61142867961
519 -45833.25254904616
520 -45795.70553284342
521 -45757.03168621935
522 -45717.07431999694
523 -45675.87953229722
524 -45633.27831846188
525 -45588.8880796799
526 -45543.48287582683
527 -45496.5060899137
528 -45447.85876405961
529 -45397.59266035107
530 -45345.65441990076
531 -45292.5215632583
532 -45237.52378588918
533 -45181.81956156541
534 -45124.96388803157
535 -45067.01355505633
536 -45007.8524044861
537 -44947.50937295427
538 -44886.09773944141
539 -44823.65115642094
540 -44760.21069258548
541 -44696.04302083649
542 -44630.90975701671
543 -44565.15051396829
544 -44498.63678270586
545 -44431.44625607772
546 -44363.57950759544
547 -44294.80696639181
548 -44225.15525450742
549 -44154.67115719611
550 -44083.41455446817
551 -44011.48480874516
552 -43938.89959899802
553 -43865.79872000319
554 -43792.31654846121
555 -43718.59399720446
556 -43644.6200420211
557 -43570.48026959192
558 -43496.33987945192
559 -43422.04578090702
560 -43347.65850131906
561 -43273.16146595834
562 -43198.67522320207
563 -43124.23460785098
564 -43049.79644182687
565 -42975.08292800451
566 -42900.38839773426
567 -42825.83492365288
568 -42751.47233819101
569 -42677.43362895387
570 -42603.88598188093
571 -42530.90703244863
572 -42458.64319255017
573 -42387.13359600434
574 -42316.49726728418
575 -42246.95390563495
576 -42178.68644063949
577 -42112.00819499631
578 -42046.28858090295
579 -41981.79473450209
580 -41918.57182092168
581 -41856.63836568019
582 -41795.85139306117
583 -41736.53783299092
584 -41678.49943246439
585 -41621.59753200406
586 -41565.74887622346
587 -41511.00410037647
588 -41457.44973603192
589 -41404.98664416646
590 -41353.42950791503
591 -41302.88875265053
592 -41253.26848480985
593 -41204.58004480707
594 -41156.76302618376
595 -41109.87482212562
596 -41063.97508270216
597 -41018.89063017026
598 -40974.67162713534
599 -40931.31200183516
600 -40888.68028710026
601 -40846.9196652659
602 -40805.94904977793
603 -40765.81665297123
604 -40726.44690638178
605 -40687.64867466347
606 -40649.50320059626
607 -40611.99520412576
608 -40575.18561894778
609 -40539.18702401514
610 -40503.78172862087
611 -40468.94795230052
612 -40434.91868744552
613 -40401.68370775685
614 -40369.40224646861
615 -40337.87189878623
616 -40306.96341346735
617 -40276.83652422407
618 -40247.67191880687
619 -40219.23854123386
620 -40191.4503233442
621 -40164.52440013436
622 -40138.49083842723
623 -40112.86969491479
624 -40088.07613154619
625 -40064.55162673721
626 -40041.45940982935
627 -40019.25737417616
628 -39998.17888411134
629 -39977.76621743471
630 -39958.40707172903
631 -39940.14867158638
632 -39923.37421751044
633 -39907.61708207573
634 -39893.19321614419
635 -39880.10827948125
636 -39868.43831694935
637 -39858.16650289152
638 -39849.48735339814
639 -39842.46056968215
640 -39836.65282847711
641 -39832.35044339394
642 -39829.08071734929
643 -39827.54999077352
644 -39826.54315315583
645 -39826.65068001035
646 -39827.98413559869
647 -39830.12118274305
648 -39833.11418509496
649 -39836.56237772923
650 -39840.55471971373
651 -39844.44238742033
652 -39849.04073993488
653 -39853.13637133473
654 -39857.23441256026
655 -39861.28690618307
656 -39865.10659418851
657 -39868.55171275039
658 -39871.52077339291
659 -39874.03347374747
660 -39875.66920371623
661 -39876.72782488605
662 -39877.37250739463
663 -39877.58524906995
664 -39877.3144310134
665 -39876.13740395094
666 -39874.56465328604
667 -39872.97738133175
668 -39870.65601905277
669 -39868.08401057485
670 -39865.35014424043
671 -39862.0523497779
672 -39858.24418175523
673 -39854.20502574777
674 -39850.1276847081
675 -39845.60760502215
676 -39840.63693082792
677 -39835.25292715467
678 -39829.45898759057
679 -39823.30947160117
680 -39816.78920378692
681 -39809.9897162955
682 -39802.6823843614
683 -39794.82035766525
684 -39786.32099694043
685 -39777.15166290358
686 -39767.32050628686
687 -39756.88135927356
688 -39745.70428261443
689 -39733.73555493672
690 -39720.94697363585
691 -39707.34856589547
692 -39692.90806660252
693 -39677.60093863136
694 -39661.41686632393
695 -39644.34272713633
696 -39626.36973572438
697 -39607.50957137135
698 -39587.70326737814
699 -39566.96282367558
700 -39545.36576864831
701 -39522.79206419013
702 -39499.22624706077
703 -39474.68297251147
704 -39449.14377395184
705 -39422.6558563026
706 -39395.27812201728
707 -39366.93470977036
708 -39337.66001718267
709 -39307.48351042462
710 -39276.41493406332
711 -39244.35474381824
712 -39211.34365942746
713 -39177.3491475889
714 -39142.43706121121
715 -39106.4229981321
716 -39069.21629364737
717 -39030.6817759574
718 -38990.74387945341
719 -38949.36198267061
720 -38906.52233331512
721 -38862.17917266492
722 -38816.32304182734
723 -38768.98427130557
724 -38720.1601439005
725 -38669.85473867658
726 -38618.09864969141
727 -38564.9278599036
728 -38510.37375427264
729 -38454.50963426824
730 -38397.36874300655
731 -38338.94307846655
732 -38279.29857772437
733 -38218.44590378438
734 -38156.39092983951
735 -38093.14065849931
736 -38028.75816771221
737 -37963.18405566921
738 -37896.42069530246
739 -37828.3016153284
740 -37758.7409642146
741 -37687.73206202689
742 -37615.15637970636
743 -37541.04501859765
744 -37465.36178787414
745 -37388.10424992968
746 -37309.37252494304
747 -37229.22732963696
748 -37147.71164333144
749 -37064.85921966013
750 -36980.71452181904
751 -36895.25673050441
752 -36808.49454729204
753 -36720.69756461919
754 -36631.96143210775
755 -36542.33837400201
756 -36451.93877781535
757 -36360.87626621145
758 -36268.98958868849
759 -36176.45748718888
760 -36083.60353359587
761 -35990.73512388812
762 -35897.91174984265
763 -35805.25590390482
764 -35712.89707789171
765 -35620.77657358622
766 -35528.99161711796
767 -35437.69476177631
768 -35347.12705497356
769 -35257.33530894421
770 -35168.32923977799
771 -35080.17362732223
772 -34992.97834036571
773 -34906.7117293102
774 -34821.16590351827
775 -34736.373440373
776 -34652.30847523134
777 -34568.94911770953
778 -34486.23939083433
779 -34404.70657518991
780 -34324.09234030583
781 -34244.00774227901
782 -34164.22529644678
783 -34084.7563623879
784 -34005.60461874957
785 -33927.3593227645
786 -33850.55679582363
787 -33774.189118962
788 -33697.99285132502
789 -33621.97383441383
790 -33546.3614764768
791 -33473.24586697528
792 -33400.86686966672
793 -33328.5437394136
794 -33256.55965460835
795 -33186.34215270795
796 -33118.39580280206
797 -33050.8783360068
798 -32983.86846701607
799 -32919.43050280262
800 -32857.50548603194
801 -32796.18411356923
802 -32735.63718277993
803 -32678.22913762023
804 -32623.52789505959
805 -32569.09693851449
806 -32516.11814619074
807 -32466.52644580098
808 -32419.21132692678
809 -32372.2395031897
810 -32328.51140364154
811 -32286.79664422538
812 -32245.78119142032
813 -32206.86270463753
814 -32170.76814033182
815 -32134.76863142568
816 -32100.22329717674
817 -32068.74757982287
818 -32037.22056836397
819 -32006.45311143432
820 -31978.32363865415
821 -31949.95016144404
822 -31921.32964887574
823 -31895.00239408448
824 -31869.42623294481
825 -31843.11930594292
826 -31818.8858439268
827 -31794.64042740853
828 -31769.7277823269
829 -31746.08086559678
830 -31722.88863804666
831 -31698.71755249058
832 -31673.66378206935
833 -31649.77964724486
834 -31626.26405539988
835 -31601.80020170705
836 -31576.54988734919
837 -31552.26879048158
838 -31528.70637474392
839 -31504.08227291737
840 -31478.54485917069
841 -31452.27243628968
842 -31427.00378285682
843 -31401.64935516029
844 -31374.98888653068
845 -31347.07855520328
846 -31319.32277354282
847 -31292.08097667615
848 -31263.59693585957
849 -31233.85674477813
850 -31203.24477027324
851 -31173.12695216792
852 -31143.14085435591
853 -31111.9247835416
854 -31079.50952348549
855 -31046.03876417637
856 -31012.99892019281
857 -30980.06093259922
858 -30945.85695777535
859 -30910.49194503883
860 -30874.13683599011
861 -30838.49124801694
862 -30802.44458360511
863 -30765.22216322758
864 -30727.06147292859
865 -30688.27367613979
866 -30649.79140457531
867 -30610.99202423937
868 -30571.13338550046
869 -30530.16475926754
870 -30488.31330056304
871 -30447.00040606011
872 -30405.14084726552
873 -30362.03846813996
874 -30317.88503336357
875 -30273.80972262318
876 -30229.88228017751
877 -30184.90525182313
878 -30138.91561502801
879 -30093.55811384686
880 -30047.87786162365
881 -30001.25942216402
882 -29955.53437701392
883 -29909.75755821687
884 -29863.56244810352
885 -29818.53311298381
886 -29772.39951790167
887 -29725.80085794087
888 -29679.3208875942
889 -29632.62007829823
890 -29584.85673186061
891 -29536.63625220626
892 -29488.85986356312
893 -29440.87256680685
894 -29392.15140784641
895 -29342.92943938319
896 -29294.71910079178
897 -29246.90259612829
898 -29198.59891105048
899 -29150.10003283877
900 -29102.08597826998
901 -29055.27152917468
902 -29008.32028221333
903 -28961.25881983221
904 -28914.2447917497
905 -28868.71662204444
906 -28823.76787576156
907 -28778.91764515283
908 -28734.13215680044
909 -28690.24100061346
910 -28647.07426395549
911 -28604.41776198636
912 -28561.91365679556
913 -28519.66913126428
914 -28478.9548493405
915 -28438.90077273012
916 -28399.02947688199
917 -28359.57040006077
918 -28321.39506010849
919 -28284.1591965936
920 -28247.27154231302
921 -28210.86799074166
922 -28175.01301672057
923 -28140.65720520217
924 -28106.86374609898
925 -28073.42420463573
926 -28040.50768953541
927 -28008.16356718844
928 -27977.0609117319
929 -27946.67111065267
930 -27916.73939752645
931 -27887.28958065672
932 -27858.26946272954
933 -27829.59150334203
934 -27801.19273634216
935 -27773.30979197779
936 -27745.59041341397
937 -27717.68728972136
938 -27689.55526091799
939 -27661.01470631409
940 -27632.03810986436
941 -27602.49616267721
942 -27572.31512497573
943 -27541.40924662399
944 -27509.71266598902
945 -27477.25088900874
946 -27444.24495293501
947 -27410.88567447494
948 -27377.52412805966
949 -27344.6171665611
950 -27313.38732017852
951 -27283.48988930688
952 -27256.00768622899
953 -27233.44464763283
954 -27215.21065926593
955 -27200.80717677877
956 -27190.08468150925
957 -27183.61211587043
958 -27182.60594056307
959 -27186.54774629891
960 -27195.68377682105
961 -27206.94824208812
962 -27219.39704091242
963 -27233.36352815217
964 -27249.37653329359
965 -27266.39850497866
966 -27284.03406718765
967 -27301.68854713692
968 -27318.85508283463
969 -27334.93148177961
970 -27348.94644506542
971 -27361.04831600549
972 -27371.47376073819
973 -27380.17861415895
974 -27387.62454094374
975 -27395.03066860737
976 -27402.14138185099
977 -27409.38554804782
978 -27417.22618944015
979 -27425.95620068643
980 -27435.9164360856
981 -27447.14157061803
982 -27459.67399605907
983 -27473.56718755697
984 -27488.69959691439
985 -27505.03427773494
986 -27522.38638149456
987 -27540.47998830694
988 -27559.19901310855
989 -27578.31740016549
990 -27597.62981588692
991 -27616.91083549935
992 -27636.04884047942
993 -27654.85611787169
994 -27673.23596113284
995 -27691.10408442186
996 -27708.19009736121
997 -27724.75602137202
998 -27740.71036471107
999 -27756.00927289713
1000 -27770.80834765442
