

Opening input/output transcript to file "C:\Users\cvest\Claudio\Oxford\3rd Year\B3\CubeSat_project\Claudio\Aerothermal\CFD\2d Sim\fluent-20250408-215252-102204.trn".
Auto-Transcript Start Time:  21:52:52, 08 Apr 2025 Malay Peninsula Standard Time 

              Welcome to ANSYS Fluent 2024 R2

              Copyright 1987-2024 ANSYS, Inc. All Rights Reserved.
              Unauthorized use, distribution or duplication is prohibited.
              This product is subject to U.S. laws governing export and re-export.
              For full Legal Notice, see documentation.

Build Time: May 13 2024 11:28:30 EST  Build Id: 10192  
 
Connected License Server List:	<Shared_Web_License_Server>

     --------------------------------------------------------------
     This is a student version of ANSYS FLUENT. Usage of this product
     license is limited to the terms and conditions specified in your ANSYS
     license form, additional terms section.
     --------------------------------------------------------------
Host spawning Node 0 on machine "ClouDsBlade14" (win64).

------------------------------------------------------------------------------------------
ID    Hostname       Core  O.S.         PID     Vendor                                   
------------------------------------------------------------------------------------------
n3    ClouDsBlade14  4/16  Windows-x64  111868  AMD Ryzen 9 5900HX with Radeon Graphics  
n2    ClouDsBlade14  3/16  Windows-x64  12284   AMD Ryzen 9 5900HX with Radeon Graphics  
n1    ClouDsBlade14  2/16  Windows-x64  16784   AMD Ryzen 9 5900HX with Radeon Graphics  
n0*   ClouDsBlade14  1/16  Windows-x64  112024  AMD Ryzen 9 5900HX with Radeon Graphics  
host  ClouDsBlade14        Windows-x64  91652   AMD Ryzen 9 5900HX with Radeon Graphics  

MPI Option Selected: intel
Selected system interconnect: default
------------------------------------------------------------------------------------------

Cleanup script file is C:\Users\cvest\Claudio\Oxford\3rd Year\B3\CubeSat_project\Claudio\Aerothermal\CFD\2d Sim\cleanup-fluent-ClouDsBlade14-91652.bat

Posting ANSYS Product Improvement Program startup data
Done.

> Fast-loading "C:\PROGRA~1\ANSYSI~1\ANSYSS~1\v242\fluent\fluent24.2.0\addons\afd\lib\hdfio.bin"
Done.
Multicore SMT processors detected. Processor affinity set!

Reading from ClouDsBlade14:"C:/Users/cvest/Claudio/Oxford/3rd Year/B3/CubeSat_project/Claudio/Aerothermal/CFD/2d Sim/No Refinement/FFF.cas.h5" in NODE0 mode ...
  Reading mesh ...
       47868 cells,     1 cell zone  ...
          47868 mixed cells,  zone id: 2
       80352 faces,     3 face zones ...
          79252 2D interior faces,  zone id: 1
            300 2D pressure-far-field faces,  zone id: 5
            800 2D wall faces,  zone id: 6
       32484 nodes,     1 node zone  ...
  Done.


Building...
     mesh
	distributing mesh
		parts....,
		faces....,
		nodes....,
		cells....,
        bandwidth reduction using Reverse Cuthill-McKee: 11271/147 = 76.6735
     materials,
     interface,
     domains,
	mixture
     zones,
	interior-surface_body
	walls
	pressure_far_field
	surface_body
     parallel,
Done.

Reading from ClouDsBlade14:"C:/Users/cvest/Claudio/Oxford/3rd Year/B3/CubeSat_project/Claudio/Aerothermal/CFD/2d Sim/No Refinement/FFF.dat.h5" in NODE0 mode ...


  Reading results.
Parallel variables...
Done.
Multicore SMT processors detected. Processor affinity set!

       Clearing partially read grid.

Reading from ClouDsBlade14:"C:/Users/cvest/Claudio/Oxford/3rd Year/B3/CubeSat_project/Claudio/Aerothermal/CFD/2d Sim/No Refinement/With new many axes/FFF.cas.h5" in NODE0 mode ...
  Reading mesh ...
       47868 cells,     1 cell zone  ...
          47868 mixed cells,  zone id: 2
       80352 faces,     3 face zones ...
          79252 2D interior faces,  zone id: 1
            300 2D pressure-far-field faces,  zone id: 5
            800 2D wall faces,  zone id: 6
       32484 nodes,     1 node zone  ...
  Done.


Building...
     mesh
	distributing mesh
		parts....,
		faces....,
		nodes....,
		cells....,
        bandwidth reduction using Reverse Cuthill-McKee: 11271/147 = 76.6735
     materials,
     interface,
     domains,
	mixture
     zones,
	interior-surface_body
	walls
	pressure_far_field
	surface_body
     parallel,
Done.

Reading from ClouDsBlade14:"C:/Users/cvest/Claudio/Oxford/3rd Year/B3/CubeSat_project/Claudio/Aerothermal/CFD/2d Sim/No Refinement/With new many axes/FFF.dat.h5" in NODE0 mode ...


  Reading results.
Parallel variables...
Done.
Multicore SMT processors detected. Processor affinity set!

       Clearing partially read grid.

Reading from ClouDsBlade14:"C:/Users/cvest/Claudio/Oxford/3rd Year/B3/CubeSat_project/Claudio/Aerothermal/CFD/2d Sim/No Refinement/With new many axes/first refinement/FFF.cas.h5" in NODE0 mode ...
  Reading mesh ...
       48292 cells,     2 cell zones ...
          48186 mixed cells,  zone id: 2
            106 triangular cells,  zone id: 4
       81134 faces,     4 face zones ...
          79802 2D interior faces,  zone id: 1
            300 2D pressure-far-field faces,  zone id: 5
            800 2D wall faces,  zone id: 6
            232 2D parent-face faces,  zone id: 7
       32716 nodes,     1 node zone  ...
  Done.


Building...
     mesh
	distributing mesh
		parts....,
		faces....,
		nodes....,
		cells....,
        bandwidth reduction using Reverse Cuthill-McKee: 8508/147 = 57.8776
     materials,
     interface,
     domains,
	mixture
     zones,
	interior-surface_body
	walls
	pressure_far_field
	surface_body
     parallel,
Done.

Reading from ClouDsBlade14:"C:/Users/cvest/Claudio/Oxford/3rd Year/B3/CubeSat_project/Claudio/Aerothermal/CFD/2d Sim/No Refinement/With new many axes/first refinement/FFF.dat.h5" in NODE0 mode ...


  Reading results.
Parallel variables...
Done.
Multicore SMT processors detected. Processor affinity set!

       Clearing partially read grid.

Reading from ClouDsBlade14:"C:/Users/cvest/Claudio/Oxford/3rd Year/B3/CubeSat_project/Claudio/Aerothermal/CFD/2d Sim/Final For Project Report/Final.cas.h5" in NODE0 mode ...
  Reading mesh ...
       49716 cells,     2 cell zones ...
          49254 mixed cells,  zone id: 2
            462 mixed cells,  zone id: 4
       83623 faces,     5 face zones ...
          81582 2D interior faces,  zone id: 1
            300 2D pressure-far-field faces,  zone id: 5
            804 2D wall faces,  zone id: 6
              4 2D parent-face faces,  zone id: 11
            933 2D parent-face faces,  zone id: 7
       33432 nodes,     1 node zone  ...
  Done.


Building...
     mesh
	distributing mesh
		parts....,
		faces....,
		nodes....,
		cells....,
        bandwidth reduction using Reverse Cuthill-McKee: 10504/147 = 71.4558
     materials,
     interface,
     domains,
	mixture
     zones,
	interior-surface_body
	walls
	pressure_far_field
	surface_body
     parallel,
Done.

Reading from ClouDsBlade14:"C:/Users/cvest/Claudio/Oxford/3rd Year/B3/CubeSat_project/Claudio/Aerothermal/CFD/2d Sim/Final For Project Report/Final.dat.h5" in NODE0 mode ...


  Reading results.
Parallel variables...
Done.

Error: Surface creation failed!

Error Object: #f
Multicore SMT processors detected. Processor affinity set!

       Clearing partially read grid.

Reading from ClouDsBlade14:"C:/Users/cvest/Claudio/Oxford/3rd Year/B3/CubeSat_project/Claudio/Aerothermal/CFD/2d Sim/With refinement/Re_ Link/Updated Pics/Updated line plots/FFF.cas.h5" in NODE0 mode ...
  Reading mesh ...
       62168 cells,     2 cell zones ...
          58593 mixed cells,  zone id: 2
           3575 mixed cells,  zone id: 4
      105240 faces,     5 face zones ...
          97254 2D interior faces,  zone id: 1
            300 2D pressure-far-field faces,  zone id: 5
            812 2D wall faces,  zone id: 6
             12 2D parent-face faces,  zone id: 9
           6862 2D parent-face faces,  zone id: 7
       39773 nodes,     1 node zone  ...
  Done.


Building...
     mesh
	distributing mesh
		parts....,
		faces....,
		nodes....,
		cells....,
        bandwidth reduction using Reverse Cuthill-McKee: 13905/185 = 75.1622
     materials,
     interface,
     domains,
	mixture
     zones,
	interior-surface_body
	walls
	pressure_far_field
	surface_body
WARNING: "Smooth" contours can't be displayed when node-values is set to off. Changing the Coloring type to "Banded".
     parallel,
Done.

Reading from ClouDsBlade14:"C:/Users/cvest/Claudio/Oxford/3rd Year/B3/CubeSat_project/Claudio/Aerothermal/CFD/2d Sim/With refinement/Re_ Link/Updated Pics/Updated line plots/FFF.dat.h5" in NODE0 mode ...


  Reading results.
Parallel variables...
Done.
Multicore SMT processors detected. Processor affinity set!

       Clearing partially read grid.

Reading from ClouDsBlade14:"C:/Users/cvest/Claudio/Oxford/3rd Year/B3/CubeSat_project/Claudio/Aerothermal/CFD/2d Sim/Final For Project Report/Final.cas.h5" in NODE0 mode ...
  Reading mesh ...
       49716 cells,     2 cell zones ...
          49254 mixed cells,  zone id: 2
            462 mixed cells,  zone id: 4
       83623 faces,     5 face zones ...
          81582 2D interior faces,  zone id: 1
            300 2D pressure-far-field faces,  zone id: 5
            804 2D wall faces,  zone id: 6
              4 2D parent-face faces,  zone id: 11
            933 2D parent-face faces,  zone id: 7
       33432 nodes,     1 node zone  ...
  Done.


Building...
     mesh
	distributing mesh
		parts....,
		faces....,
		nodes....,
		cells....,
        bandwidth reduction using Reverse Cuthill-McKee: 10504/147 = 71.4558
     materials,
     interface,
     domains,
	mixture
     zones,
	interior-surface_body
	walls
	pressure_far_field
	surface_body
     parallel,
Done.
WARNING: Surface groupings have changed. This has
resulted in surface list selection changes
for the following graphics objects:
temperature_across_shock
top_boundary_layer_temperaature

Reading from ClouDsBlade14:"C:/Users/cvest/Claudio/Oxford/3rd Year/B3/CubeSat_project/Claudio/Aerothermal/CFD/2d Sim/Final For Project Report/Final.dat.h5" in NODE0 mode ...


  Reading results.
Parallel variables...
Done.
Multicore SMT processors detected. Processor affinity set!

       Clearing partially read grid.

Reading from ClouDsBlade14:"C:/Users/cvest/Claudio/Oxford/3rd Year/B3/CubeSat_project/Claudio/Aerothermal/CFD/2d Sim/No Refinement/With new many axes/FFF.cas.h5" in NODE0 mode ...
  Reading mesh ...
       47868 cells,     1 cell zone  ...
          47868 mixed cells,  zone id: 2
       80352 faces,     3 face zones ...
          79252 2D interior faces,  zone id: 1
            300 2D pressure-far-field faces,  zone id: 5
            800 2D wall faces,  zone id: 6
       32484 nodes,     1 node zone  ...
  Done.


Building...
     mesh
	distributing mesh
		parts....,
		faces....,
		nodes....,
		cells....,
        bandwidth reduction using Reverse Cuthill-McKee: 11271/147 = 76.6735
     materials,
     interface,
     domains,
	mixture
     zones,
	interior-surface_body
	walls
	pressure_far_field
	surface_body
     parallel,
Done.

Reading from ClouDsBlade14:"C:/Users/cvest/Claudio/Oxford/3rd Year/B3/CubeSat_project/Claudio/Aerothermal/CFD/2d Sim/No Refinement/With new many axes/FFF.dat.h5" in NODE0 mode ...


  Reading results.
Parallel variables...
Done.

===================================================================================
=   BAD TERMINATION OF ONE OF YOUR APPLICATION PROCESSES
=   RANK 0 PID 112024 RUNNING AT ClouDsBlade14
=   EXIT STATUS: 1073807364 (40010004)
===================================================================================

===================================================================================
=   BAD TERMINATION OF ONE OF YOUR APPLICATION PROCESSES
=   RANK 1 PID 16784 RUNNING AT ClouDsBlade14
=   EXIT STATUS: 1073807364 (40010004)
===================================================================================

===================================================================================
=   BAD TERMINATION OF ONE OF YOUR APPLICATION PROCESSES
=   RANK 2 PID 12284 RUNNING AT ClouDsBlade14
=   EXIT STATUS: 1073807364 (40010004)
===================================================================================

===================================================================================
=   BAD TERMINATION OF ONE OF YOUR APPLICATION PROCESSES
=   RANK 3 PID 111868 RUNNING AT ClouDsBlade14
=   EXIT STATUS: 1073807364 (40010004)
===================================================================================

